<?xml version="1.0" encoding="UTF-8"?>
<!-- Generated by org.testng.reporters.JUnitReportReporter -->
<testsuite hostname="Akshavya-MacBook-Air.local" failures="0" tests="1" name="Assert" time="0.025" errors="0" timestamp="2024-04-26T19:23:19 IST" skipped="0">
  <testcase classname="Assert" name="add" time="0.025"/>
</testsuite> <!-- Assert -->
