<?xml version="1.0" encoding="UTF-8"?>
<!-- Generated by org.testng.reporters.JUnitReportReporter -->
<testsuite hostname="Akshavya-MacBook-Air.local" failures="0" tests="1" name="SeleniumTestNGdemo" time="25.950" errors="0" timestamp="2024-04-26T19:23:19 IST" skipped="0">
  <testcase classname="SeleniumTestNGdemo" name="sampleTestMethod" time="25.950"/>
</testsuite> <!-- SeleniumTestNGdemo -->
